Results of editorconfig-checker linter (version 2.7.2)
See documentation on https://megalinter.io/7.10.0/descriptors/editorconfig_editorconfig_checker/
-----------------------------------------------

❌ [ERROR] for workspace /github/workspace
Linter raw log:
docs/usage.md:
	173: Wrong amount of left-padding spaces(want multiple of 2)
megalinter-reports/IDE-config.txt:
	12: Wrong amount of left-padding spaces(want multiple of 4)
	14: Wrong amount of left-padding spaces(want multiple of 4)
	17: Wrong amount of left-padding spaces(want multiple of 4)
	19: Wrong amount of left-padding spaces(want multiple of 4)
	23: Wrong amount of left-padding spaces(want multiple of 4)
	27: Wrong amount of left-padding spaces(want multiple of 4)
	29: Wrong amount of left-padding spaces(want multiple of 4)
	31: Wrong amount of left-padding spaces(want multiple of 4)
	33: Wrong amount of left-padding spaces(want multiple of 4)
	35: Wrong amount of left-padding spaces(want multiple of 4)
	37: Wrong amount of left-padding spaces(want multiple of 4)
	39: Wrong amount of left-padding spaces(want multiple of 4)
	43: Wrong amount of left-padding spaces(want multiple of 4)
	47: Wrong amount of left-padding spaces(want multiple of 4)
	51: Wrong amount of left-padding spaces(want multiple of 4)
	55: Wrong amount of left-padding spaces(want multiple of 4)
	57: Wrong amount of left-padding spaces(want multiple of 4)
	59: Wrong amount of left-padding spaces(want multiple of 4)
	61: Wrong amount of left-padding spaces(want multiple of 4)
	63: Wrong amount of left-padding spaces(want multiple of 4)
	67: Wrong amount of left-padding spaces(want multiple of 4)
	69: Wrong amount of left-padding spaces(want multiple of 4)
	71: Wrong amount of left-padding spaces(want multiple of 4)
	73: Wrong amount of left-padding spaces(want multiple of 4)
	77: Wrong amount of left-padding spaces(want multiple of 4)
	81: Wrong amount of left-padding spaces(want multiple of 4)
	83: Wrong amount of left-padding spaces(want multiple of 4)
	87: Wrong amount of left-padding spaces(want multiple of 4)
	91: Wrong amount of left-padding spaces(want multiple of 4)
	95: Wrong amount of left-padding spaces(want multiple of 4)
	97: Wrong amount of left-padding spaces(want multiple of 4)
	99: Wrong amount of left-padding spaces(want multiple of 4)
	101: Wrong amount of left-padding spaces(want multiple of 4)
	103: Wrong amount of left-padding spaces(want multiple of 4)
megalinter-reports/IDE-config/.idea/externalDependencies.xml:
	2: Wrong amount of left-padding spaces(want multiple of 4)
	3: Wrong amount of left-padding spaces(want multiple of 4)
	4: Wrong amount of left-padding spaces(want multiple of 4)
	5: Wrong amount of left-padding spaces(want multiple of 4)
megalinter-reports/IDE-config/.secretlintrc.json:
	Wrong line endings or no final newline
	3: Wrong amount of left-padding spaces(want multiple of 4)
	5: Wrong amount of left-padding spaces(want multiple of 4)
	7: Wrong amount of left-padding spaces(want multiple of 4)
megalinter-reports/IDE-config/.vscode/extensions.json:
	Wrong line endings or no final newline
megalinter-reports/IDE-config/gitleaks.toml:
	3: Wrong amount of left-padding spaces(want multiple of 4)
megalinter-reports/megalinter-report.sarif:
	Wrong line endings or no final newline
megalinter-reports/sarif/BASH_SHELLCHECK.sarif:
	Wrong line endings or no final newline
	2: Wrong amount of left-padding spaces(want multiple of 4)
	4: Wrong amount of left-padding spaces(want multiple of 4)
	6: Wrong amount of left-padding spaces(want multiple of 4)
	7: Wrong amount of left-padding spaces(want multiple of 4)
	8: Wrong amount of left-padding spaces(want multiple of 4)
	10: Wrong amount of left-padding spaces(want multiple of 4)
	11: Wrong amount of left-padding spaces(want multiple of 4)
	13: Wrong amount of left-padding spaces(want multiple of 4)
	14: Wrong amount of left-padding spaces(want multiple of 4)
	15: Wrong amount of left-padding spaces(want multiple of 4)
	17: Wrong amount of left-padding spaces(want multiple of 4)
	19: Wrong amount of left-padding spaces(want multiple of 4)
	22: Wrong amount of left-padding spaces(want multiple of 4)
	23: Wrong amount of left-padding spaces(want multiple of 4)
	24: Wrong amount of left-padding spaces(want multiple of 4)
	25: Wrong amount of left-padding spaces(want multiple of 4)
	27: Wrong amount of left-padding spaces(want multiple of 4)
	29: Wrong amount of left-padding spaces(want multiple of 4)
	30: Wrong amount of left-padding spaces(want multiple of 4)
	32: Wrong amount of left-padding spaces(want multiple of 4)
	33: Wrong amount of left-padding spaces(want multiple of 4)
	34: Wrong amount of left-padding spaces(want multiple of 4)
	35: Wrong amount of left-padding spaces(want multiple of 4)
	38: Wrong amount of left-padding spaces(want multiple of 4)
	39: Wrong amount of left-padding spaces(want multiple of 4)
	40: Wrong amount of left-padding spaces(want multiple of 4)
	42: Wrong amount of left-padding spaces(want multiple of 4)
	44: Wrong amount of left-padding spaces(want multiple of 4)
	47: Wrong amount of left-padding spaces(want multiple of 4)
	48: Wrong amount of left-padding spaces(want multiple of 4)
	49: Wrong amount of left-padding spaces(want multiple of 4)
	50: Wrong amount of left-padding spaces(want multiple of 4)
	52: Wrong amount of left-padding spaces(want multiple of 4)
	54: Wrong amount of left-padding spaces(want multiple of 4)
	55: Wrong amount of left-padding spaces(want multiple of 4)
	57: Wrong amount of left-padding spaces(want multiple of 4)
	58: Wrong amount of left-padding spaces(want multiple of 4)
	59: Wrong amount of left-padding spaces(want multiple of 4)
	60: Wrong amount of left-padding spaces(want multiple of 4)
	63: Wrong amount of left-padding spaces(want multiple of 4)
	64: Wrong amount of left-padding spaces(want multiple of 4)
	65: Wrong amount of left-padding spaces(want multiple of 4)
	67: Wrong amount of left-padding spaces(want multiple of 4)
	69: Wrong amount of left-padding spaces(want multiple of 4)
	72: Wrong amount of left-padding spaces(want multiple of 4)
	73: Wrong amount of left-padding spaces(want multiple of 4)
	74: Wrong amount of left-padding spaces(want multiple of 4)
	75: Wrong amount of left-padding spaces(want multiple of 4)
	77: Wrong amount of left-padding spaces(want multiple of 4)
	79: Wrong amount of left-padding spaces(want multiple of 4)
	80: Wrong amount of left-padding spaces(want multiple of 4)
	82: Wrong amount of left-padding spaces(want multiple of 4)
	83: Wrong amount of left-padding spaces(want multiple of 4)
	84: Wrong amount of left-padding spaces(want multiple of 4)
	85: Wrong amount of left-padding spaces(want multiple of 4)
	88: Wrong amount of left-padding spaces(want multiple of 4)
	89: Wrong amount of left-padding spaces(want multiple of 4)
	90: Wrong amount of left-padding spaces(want multiple of 4)
	92: Wrong amount of left-padding spaces(want multiple of 4)
	94: Wrong amount of left-padding spaces(want multiple of 4)
	97: Wrong amount of left-padding spaces(want multiple of 4)
	98: Wrong amount of left-padding spaces(want multiple of 4)
	99: Wrong amount of left-padding spaces(want multiple of 4)
	100: Wrong amount of left-padding spaces(want multiple of 4)
	102: Wrong amount of left-padding spaces(want multiple of 4)
	104: Wrong amount of left-padding spaces(want multiple of 4)
	105: Wrong amount of left-padding spaces(want multiple of 4)
	107: Wrong amount of left-padding spaces(want multiple of 4)
	108: Wrong amount of left-padding spaces(want multiple of 4)
	109: Wrong amount of left-padding spaces(want multiple of 4)
	110: Wrong amount of left-padding spaces(want multiple of 4)
	113: Wrong amount of left-padding spaces(want multiple of 4)
	114: Wrong amount of left-padding spaces(want multiple of 4)
	115: Wrong amount of left-padding spaces(want multiple of 4)
	117: Wrong amount of left-padding spaces(want multiple of 4)
	119: Wrong amount of left-padding spaces(want multiple of 4)
	122: Wrong amount of left-padding spaces(want multiple of 4)
	123: Wrong amount of left-padding spaces(want multiple of 4)
	124: Wrong amount of left-padding spaces(want multiple of 4)
	125: Wrong amount of left-padding spaces(want multiple of 4)
	127: Wrong amount of left-padding spaces(want multiple of 4)
	129: Wrong amount of left-padding spaces(want multiple of 4)
	130: Wrong amount of left-padding spaces(want multiple of 4)
	132: Wrong amount of left-padding spaces(want multiple of 4)
	133: Wrong amount of left-padding spaces(want multiple of 4)
	134: Wrong amount of left-padding spaces(want multiple of 4)
	135: Wrong amount of left-padding spaces(want multiple of 4)
	138: Wrong amount of left-padding spaces(want multiple of 4)
	139: Wrong amount of left-padding spaces(want multiple of 4)
	140: Wrong amount of left-padding spaces(want multiple of 4)
	142: Wrong amount of left-padding spaces(want multiple of 4)
	144: Wrong amount of left-padding spaces(want multiple of 4)
	147: Wrong amount of left-padding spaces(want multiple of 4)
	148: Wrong amount of left-padding spaces(want multiple of 4)
	149: Wrong amount of left-padding spaces(want multiple of 4)
	150: Wrong amount of left-padding spaces(want multiple of 4)
	152: Wrong amount of left-padding spaces(want multiple of 4)
	154: Wrong amount of left-padding spaces(want multiple of 4)
	155: Wrong amount of left-padding spaces(want multiple of 4)
	157: Wrong amount of left-padding spaces(want multiple of 4)
	158: Wrong amount of left-padding spaces(want multiple of 4)
	159: Wrong amount of left-padding spaces(want multiple of 4)
	160: Wrong amount of left-padding spaces(want multiple of 4)
	163: Wrong amount of left-padding spaces(want multiple of 4)
	164: Wrong amount of left-padding spaces(want multiple of 4)
	165: Wrong amount of left-padding spaces(want multiple of 4)
	167: Wrong amount of left-padding spaces(want multiple of 4)
	169: Wrong amount of left-padding spaces(want multiple of 4)
	172: Wrong amount of left-padding spaces(want multiple of 4)
	173: Wrong amount of left-padding spaces(want multiple of 4)
	174: Wrong amount of left-padding spaces(want multiple of 4)
	175: Wrong amount of left-padding spaces(want multiple of 4)
	177: Wrong amount of left-padding spaces(want multiple of 4)
	179: Wrong amount of left-padding spaces(want multiple of 4)
	180: Wrong amount of left-padding spaces(want multiple of 4)
	182: Wrong amount of left-padding spaces(want multiple of 4)
	183: Wrong amount of left-padding spaces(want multiple of 4)
	185: Wrong amount of left-padding spaces(want multiple of 4)
	187: Wrong amount of left-padding spaces(want multiple of 4)
	190: Wrong amount of left-padding spaces(want multiple of 4)
	191: Wrong amount of left-padding spaces(want multiple of 4)
	192: Wrong amount of left-padding spaces(want multiple of 4)
	193: Wrong amount of left-padding spaces(want multiple of 4)
	195: Wrong amount of left-padding spaces(want multiple of 4)
	198: Wrong amount of left-padding spaces(want multiple of 4)
	200: Wrong amount of left-padding spaces(want multiple of 4)
	203: Wrong amount of left-padding spaces(want multiple of 4)
	204: Wrong amount of left-padding spaces(want multiple of 4)
	205: Wrong amount of left-padding spaces(want multiple of 4)
	206: Wrong amount of left-padding spaces(want multiple of 4)
	208: Wrong amount of left-padding spaces(want multiple of 4)
	210: Wrong amount of left-padding spaces(want multiple of 4)
	211: Wrong amount of left-padding spaces(want multiple of 4)
	212: Wrong amount of left-padding spaces(want multiple of 4)
	215: Wrong amount of left-padding spaces(want multiple of 4)
	216: Wrong amount of left-padding spaces(want multiple of 4)
	217: Wrong amount of left-padding spaces(want multiple of 4)
	219: Wrong amount of left-padding spaces(want multiple of 4)
	221: Wrong amount of left-padding spaces(want multiple of 4)
	224: Wrong amount of left-padding spaces(want multiple of 4)
	225: Wrong amount of left-padding spaces(want multiple of 4)
	226: Wrong amount of left-padding spaces(want multiple of 4)
	227: Wrong amount of left-padding spaces(want multiple of 4)
	229: Wrong amount of left-padding spaces(want multiple of 4)
	231: Wrong amount of left-padding spaces(want multiple of 4)
	232: Wrong amount of left-padding spaces(want multiple of 4)
	234: Wrong amount of left-padding spaces(want multiple of 4)
	235: Wrong amount of left-padding spaces(want multiple of 4)
	237: Wrong amount of left-padding spaces(want multiple of 4)
	239: Wrong amount of left-padding spaces(want multiple of 4)
	242: Wrong amount of left-padding spaces(want multiple of 4)
	243: Wrong amount of left-padding spaces(want multiple of 4)
	244: Wrong amount of left-padding spaces(want multiple of 4)
	245: Wrong amount of left-padding spaces(want multiple of 4)
	247: Wrong amount of left-padding spaces(want multiple of 4)
	250: Wrong amount of left-padding spaces(want multiple of 4)
	252: Wrong amount of left-padding spaces(want multiple of 4)
	255: Wrong amount of left-padding spaces(want multiple of 4)
	256: Wrong amount of left-padding spaces(want multiple of 4)
	257: Wrong amount of left-padding spaces(want multiple of 4)
	258: Wrong amount of left-padding spaces(want multiple of 4)
	260: Wrong amount of left-padding spaces(want multiple of 4)
	262: Wrong amount of left-padding spaces(want multiple of 4)
	263: Wrong amount of left-padding spaces(want multiple of 4)
	264: Wrong amount of left-padding spaces(want multiple of 4)
	267: Wrong amount of left-padding spaces(want multiple of 4)
	268: Wrong amount of left-padding spaces(want multiple of 4)
	269: Wrong amount of left-padding spaces(want multiple of 4)
	271: Wrong amount of left-padding spaces(want multiple of 4)
	273: Wrong amount of left-padding spaces(want multiple of 4)
	276: Wrong amount of left-padding spaces(want multiple of 4)
	277: Wrong amount of left-padding spaces(want multiple of 4)
	278: Wrong amount of left-padding spaces(want multiple of 4)
	279: Wrong amount of left-padding spaces(want multiple of 4)
	281: Wrong amount of left-padding spaces(want multiple of 4)
	283: Wrong amount of left-padding spaces(want multiple of 4)
	284: Wrong amount of left-padding spaces(want multiple of 4)
	286: Wrong amount of left-padding spaces(want multiple of 4)
	287: Wrong amount of left-padding spaces(want multiple of 4)
	289: Wrong amount of left-padding spaces(want multiple of 4)
	291: Wrong amount of left-padding spaces(want multiple of 4)
	294: Wrong amount of left-padding spaces(want multiple of 4)
	295: Wrong amount of left-padding spaces(want multiple of 4)
	296: Wrong amount of left-padding spaces(want multiple of 4)
	297: Wrong amount of left-padding spaces(want multiple of 4)
	299: Wrong amount of left-padding spaces(want multiple of 4)
	302: Wrong amount of left-padding spaces(want multiple of 4)
	304: Wrong amount of left-padding spaces(want multiple of 4)
	307: Wrong amount of left-padding spaces(want multiple of 4)
	308: Wrong amount of left-padding spaces(want multiple of 4)
	309: Wrong amount of left-padding spaces(want multiple of 4)
	310: Wrong amount of left-padding spaces(want multiple of 4)
	312: Wrong amount of left-padding spaces(want multiple of 4)
	314: Wrong amount of left-padding spaces(want multiple of 4)
	315: Wrong amount of left-padding spaces(want multiple of 4)
	316: Wrong amount of left-padding spaces(want multiple of 4)
	319: Wrong amount of left-padding spaces(want multiple of 4)
	320: Wrong amount of left-padding spaces(want multiple of 4)
	321: Wrong amount of left-padding spaces(want multiple of 4)
	323: Wrong amount of left-padding spaces(want multiple of 4)
	325: Wrong amount of left-padding spaces(want multiple of 4)
	328: Wrong amount of left-padding spaces(want multiple of 4)
	329: Wrong amount of left-padding spaces(want multiple of 4)
	330: Wrong amount of left-padding spaces(want multiple of 4)
	331: Wrong amount of left-padding spaces(want multiple of 4)
	333: Wrong amount of left-padding spaces(want multiple of 4)
	335: Wrong amount of left-padding spaces(want multiple of 4)
	336: Wrong amount of left-padding spaces(want multiple of 4)
	338: Wrong amount of left-padding spaces(want multiple of 4)
	339: Wrong amount of left-padding spaces(want multiple of 4)
	340: Wrong amount of left-padding spaces(want multiple of 4)
	341: Wrong amount of left-padding spaces(want multiple of 4)
	344: Wrong amount of left-padding spaces(want multiple of 4)
	345: Wrong amount of left-padding spaces(want multiple of 4)
	346: Wrong amount of left-padding spaces(want multiple of 4)
	348: Wrong amount of left-padding spaces(want multiple of 4)
	350: Wrong amount of left-padding spaces(want multiple of 4)
	353: Wrong amount of left-padding spaces(want multiple of 4)
	354: Wrong amount of left-padding spaces(want multiple of 4)
	355: Wrong amount of left-padding spaces(want multiple of 4)
	356: Wrong amount of left-padding spaces(want multiple of 4)
	358: Wrong amount of left-padding spaces(want multiple of 4)
	360: Wrong amount of left-padding spaces(want multiple of 4)
	361: Wrong amount of left-padding spaces(want multiple of 4)
	363: Wrong amount of left-padding spaces(want multiple of 4)
	364: Wrong amount of left-padding spaces(want multiple of 4)
	365: Wrong amount of left-padding spaces(want multiple of 4)
	366: Wrong amount of left-padding spaces(want multiple of 4)
	369: Wrong amount of left-padding spaces(want multiple of 4)
	370: Wrong amount of left-padding spaces(want multiple of 4)
	371: Wrong amount of left-padding spaces(want multiple of 4)
	373: Wrong amount of left-padding spaces(want multiple of 4)
	375: Wrong amount of left-padding spaces(want multiple of 4)
	378: Wrong amount of left-padding spaces(want multiple of 4)
	379: Wrong amount of left-padding spaces(want multiple of 4)
	380: Wrong amount of left-padding spaces(want multiple of 4)
	381: Wrong amount of left-padding spaces(want multiple of 4)
	383: Wrong amount of left-padding spaces(want multiple of 4)
	385: Wrong amount of left-padding spaces(want multiple of 4)
	386: Wrong amount of left-padding spaces(want multiple of 4)
	388: Wrong amount of left-padding spaces(want multiple of 4)
	389: Wrong amount of left-padding spaces(want multiple of 4)
	390: Wrong amount of left-padding spaces(want multiple of 4)
	391: Wrong amount of left-padding spaces(want multiple of 4)
	394: Wrong amount of left-padding spaces(want multiple of 4)
	395: Wrong amount of left-padding spaces(want multiple of 4)
	396: Wrong amount of left-padding spaces(want multiple of 4)
	398: Wrong amount of left-padding spaces(want multiple of 4)
	400: Wrong amount of left-padding spaces(want multiple of 4)
	403: Wrong amount of left-padding spaces(want multiple of 4)
	404: Wrong amount of left-padding spaces(want multiple of 4)
	405: Wrong amount of left-padding spaces(want multiple of 4)
	406: Wrong amount of left-padding spaces(want multiple of 4)
	408: Wrong amount of left-padding spaces(want multiple of 4)
	410: Wrong amount of left-padding spaces(want multiple of 4)
	411: Wrong amount of left-padding spaces(want multiple of 4)
	413: Wrong amount of left-padding spaces(want multiple of 4)
	414: Wrong amount of left-padding spaces(want multiple of 4)
	415: Wrong amount of left-padding spaces(want multiple of 4)
	416: Wrong amount of left-padding spaces(want multiple of 4)
	419: Wrong amount of left-padding spaces(want multiple of 4)
	420: Wrong amount of left-padding spaces(want multiple of 4)
	421: Wrong amount of left-padding spaces(want multiple of 4)
	423: Wrong amount of left-padding spaces(want multiple of 4)
	425: Wrong amount of left-padding spaces(want multiple of 4)
	428: Wrong amount of left-padding spaces(want multiple of 4)
	429: Wrong amount of left-padding spaces(want multiple of 4)
	430: Wrong amount of left-padding spaces(want multiple of 4)
	431: Wrong amount of left-padding spaces(want multiple of 4)
	433: Wrong amount of left-padding spaces(want multiple of 4)
	435: Wrong amount of left-padding spaces(want multiple of 4)
	436: Wrong amount of left-padding spaces(want multiple of 4)
	438: Wrong amount of left-padding spaces(want multiple of 4)
	439: Wrong amount of left-padding spaces(want multiple of 4)
	440: Wrong amount of left-padding spaces(want multiple of 4)
	441: Wrong amount of left-padding spaces(want multiple of 4)
	444: Wrong amount of left-padding spaces(want multiple of 4)
	445: Wrong amount of left-padding spaces(want multiple of 4)
	446: Wrong amount of left-padding spaces(want multiple of 4)
	448: Wrong amount of left-padding spaces(want multiple of 4)
	450: Wrong amount of left-padding spaces(want multiple of 4)
	453: Wrong amount of left-padding spaces(want multiple of 4)
	454: Wrong amount of left-padding spaces(want multiple of 4)
	455: Wrong amount of left-padding spaces(want multiple of 4)
	456: Wrong amount of left-padding spaces(want multiple of 4)
	458: Wrong amount of left-padding spaces(want multiple of 4)
	460: Wrong amount of left-padding spaces(want multiple of 4)
	461: Wrong amount of left-padding spaces(want multiple of 4)
	463: Wrong amount of left-padding spaces(want multiple of 4)
	464: Wrong amount of left-padding spaces(want multiple of 4)
	465: Wrong amount of left-padding spaces(want multiple of 4)
	466: Wrong amount of left-padding spaces(want multiple of 4)
	469: Wrong amount of left-padding spaces(want multiple of 4)
	470: Wrong amount of left-padding spaces(want multiple of 4)
	471: Wrong amount of left-padding spaces(want multiple of 4)
	473: Wrong amount of left-padding spaces(want multiple of 4)
	475: Wrong amount of left-padding spaces(want multiple of 4)
	478: Wrong amount of left-padding spaces(want multiple of 4)
	479: Wrong amount of left-padding spaces(want multiple of 4)
	480: Wrong amount of left-padding spaces(want multiple of 4)
	481: Wrong amount of left-padding spaces(want multiple of 4)
	483: Wrong amount of left-padding spaces(want multiple of 4)
	485: Wrong amount of left-padding spaces(want multiple of 4)
	486: Wrong amount of left-padding spaces(want multiple of 4)
	488: Wrong amount of left-padding spaces(want multiple of 4)
	489: Wrong amount of left-padding spaces(want multiple of 4)
	491: Wrong amount of left-padding spaces(want multiple of 4)
	493: Wrong amount of left-padding spaces(want multiple of 4)
	496: Wrong amount of left-padding spaces(want multiple of 4)
	497: Wrong amount of left-padding spaces(want multiple of 4)
	498: Wrong amount of left-padding spaces(want multiple of 4)
	499: Wrong amount of left-padding spaces(want multiple of 4)
	501: Wrong amount of left-padding spaces(want multiple of 4)
	504: Wrong amount of left-padding spaces(want multiple of 4)
	506: Wrong amount of left-padding spaces(want multiple of 4)
	509: Wrong amount of left-padding spaces(want multiple of 4)
	510: Wrong amount of left-padding spaces(want multiple of 4)
	511: Wrong amount of left-padding spaces(want multiple of 4)
	512: Wrong amount of left-padding spaces(want multiple of 4)
	514: Wrong amount of left-padding spaces(want multiple of 4)
	516: Wrong amount of left-padding spaces(want multiple of 4)
	517: Wrong amount of left-padding spaces(want multiple of 4)
	518: Wrong amount of left-padding spaces(want multiple of 4)
	521: Wrong amount of left-padding spaces(want multiple of 4)
	522: Wrong amount of left-padding spaces(want multiple of 4)
	523: Wrong amount of left-padding spaces(want multiple of 4)
	525: Wrong amount of left-padding spaces(want multiple of 4)
	527: Wrong amount of left-padding spaces(want multiple of 4)
	530: Wrong amount of left-padding spaces(want multiple of 4)
	531: Wrong amount of left-padding spaces(want multiple of 4)
	532: Wrong amount of left-padding spaces(want multiple of 4)
	533: Wrong amount of left-padding spaces(want multiple of 4)
	535: Wrong amount of left-padding spaces(want multiple of 4)
	537: Wrong amount of left-padding spaces(want multiple of 4)
	538: Wrong amount of left-padding spaces(want multiple of 4)
	540: Wrong amount of left-padding spaces(want multiple of 4)
	541: Wrong amount of left-padding spaces(want multiple of 4)
	543: Wrong amount of left-padding spaces(want multiple of 4)
	545: Wrong amount of left-padding spaces(want multiple of 4)
	548: Wrong amount of left-padding spaces(want multiple of 4)
	549: Wrong amount of left-padding spaces(want multiple of 4)
	550: Wrong amount of left-padding spaces(want multiple of 4)
	551: Wrong amount of left-padding spaces(want multiple of 4)
	553: Wrong amount of left-padding spaces(want multiple of 4)
	556: Wrong amount of left-padding spaces(want multiple of 4)
	558: Wrong amount of left-padding spaces(want multiple of 4)
	561: Wrong amount of left-padding spaces(want multiple of 4)
	562: Wrong amount of left-padding spaces(want multiple of 4)
	563: Wrong amount of left-padding spaces(want multiple of 4)
	564: Wrong amount of left-padding spaces(want multiple of 4)
	566: Wrong amount of left-padding spaces(want multiple of 4)
	568: Wrong amount of left-padding spaces(want multiple of 4)
	569: Wrong amount of left-padding spaces(want multiple of 4)
	570: Wrong amount of left-padding spaces(want multiple of 4)
	573: Wrong amount of left-padding spaces(want multiple of 4)
	574: Wrong amount of left-padding spaces(want multiple of 4)
	575: Wrong amount of left-padding spaces(want multiple of 4)
	577: Wrong amount of left-padding spaces(want multiple of 4)
	579: Wrong amount of left-padding spaces(want multiple of 4)
	582: Wrong amount of left-padding spaces(want multiple of 4)
	583: Wrong amount of left-padding spaces(want multiple of 4)
	584: Wrong amount of left-padding spaces(want multiple of 4)
	585: Wrong amount of left-padding spaces(want multiple of 4)
	587: Wrong amount of left-padding spaces(want multiple of 4)
	589: Wrong amount of left-padding spaces(want multiple of 4)
	590: Wrong amount of left-padding spaces(want multiple of 4)
	592: Wrong amount of left-padding spaces(want multiple of 4)
	593: Wrong amount of left-padding spaces(want multiple of 4)
	595: Wrong amount of left-padding spaces(want multiple of 4)
	597: Wrong amount of left-padding spaces(want multiple of 4)
	600: Wrong amount of left-padding spaces(want multiple of 4)
	601: Wrong amount of left-padding spaces(want multiple of 4)
	602: Wrong amount of left-padding spaces(want multiple of 4)
	603: Wrong amount of left-padding spaces(want multiple of 4)
	605: Wrong amount of left-padding spaces(want multiple of 4)
	608: Wrong amount of left-padding spaces(want multiple of 4)
	610: Wrong amount of left-padding spaces(want multiple of 4)
	613: Wrong amount of left-padding spaces(want multiple of 4)
	614: Wrong amount of left-padding spaces(want multiple of 4)
	615: Wrong amount of left-padding spaces(want multiple of 4)
	616: Wrong amount of left-padding spaces(want multiple of 4)
	618: Wrong amount of left-padding spaces(want multiple of 4)
	620: Wrong amount of left-padding spaces(want multiple of 4)
	621: Wrong amount of left-padding spaces(want multiple of 4)
	622: Wrong amount of left-padding spaces(want multiple of 4)
	624: Wrong amount of left-padding spaces(want multiple of 4)
	625: Wrong amount of left-padding spaces(want multiple of 4)
	627: Wrong amount of left-padding spaces(want multiple of 4)
	628: Wrong amount of left-padding spaces(want multiple of 4)
	629: Wrong amount of left-padding spaces(want multiple of 4)
	631: Wrong amount of left-padding spaces(want multiple of 4)
	633: Wrong amount of left-padding spaces(want multiple of 4)
	634: Wrong amount of left-padding spaces(want multiple of 4)
	635: Wrong amount of left-padding spaces(want multiple of 4)
	636: Wrong amount of left-padding spaces(want multiple of 4)
	637: Wrong amount of left-padding spaces(want multiple of 4)
	639: Wrong amount of left-padding spaces(want multiple of 4)
	642: Wrong amount of left-padding spaces(want multiple of 4)
	644: Wrong amount of left-padding spaces(want multiple of 4)
	645: Wrong amount of left-padding spaces(want multiple of 4)
	646: Wrong amount of left-padding spaces(want multiple of 4)
	647: Wrong amount of left-padding spaces(want multiple of 4)
	648: Wrong amount of left-padding spaces(want multiple of 4)
	650: Wrong amount of left-padding spaces(want multiple of 4)
	653: Wrong amount of left-padding spaces(want multiple of 4)
	655: Wrong amount of left-padding spaces(want multiple of 4)
	656: Wrong amount of left-padding spaces(want multiple of 4)
	657: Wrong amount of left-padding spaces(want multiple of 4)
	658: Wrong amount of left-padding spaces(want multiple of 4)
	659: Wrong amount of left-padding spaces(want multiple of 4)
	661: Wrong amount of left-padding spaces(want multiple of 4)
	664: Wrong amount of left-padding spaces(want multiple of 4)
	666: Wrong amount of left-padding spaces(want multiple of 4)
	667: Wrong amount of left-padding spaces(want multiple of 4)
	668: Wrong amount of left-padding spaces(want multiple of 4)
	669: Wrong amount of left-padding spaces(want multiple of 4)
	670: Wrong amount of left-padding spaces(want multiple of 4)
	672: Wrong amount of left-padding spaces(want multiple of 4)
	675: Wrong amount of left-padding spaces(want multiple of 4)
	677: Wrong amount of left-padding spaces(want multiple of 4)
	678: Wrong amount of left-padding spaces(want multiple of 4)
	679: Wrong amount of left-padding spaces(want multiple of 4)
	680: Wrong amount of left-padding spaces(want multiple of 4)
	681: Wrong amount of left-padding spaces(want multiple of 4)
	683: Wrong amount of left-padding spaces(want multiple of 4)
	686: Wrong amount of left-padding spaces(want multiple of 4)
	688: Wrong amount of left-padding spaces(want multiple of 4)
	689: Wrong amount of left-padding spaces(want multiple of 4)
	690: Wrong amount of left-padding spaces(want multiple of 4)
	691: Wrong amount of left-padding spaces(want multiple of 4)
	692: Wrong amount of left-padding spaces(want multiple of 4)
	694: Wrong amount of left-padding spaces(want multiple of 4)
	696: Wrong amount of left-padding spaces(want multiple of 4)
	697: Wrong amount of left-padding spaces(want multiple of 4)
	699: Wrong amount of left-padding spaces(want multiple of 4)
	701: Wrong amount of left-padding spaces(want multiple of 4)
	702: Wrong amount of left-padding spaces(want multiple of 4)
megalinter-reports/sarif/JSON_ESLINT_PLUGIN_JSONC.sarif:
	Wrong line endings or no final newline
	2: Wrong amount of left-padding spaces(want multiple of 4)
	3: Wrong amount of left-padding spaces(want multiple of 4)
	4: Wrong amount of left-padding spaces(want multiple of 4)
	6: Wrong amount of left-padding spaces(want multiple of 4)
	8: Wrong amount of left-padding spaces(want multiple of 4)
	9: Wrong amount of left-padding spaces(want multiple of 4)
	10: Wrong amount of left-padding spaces(want multiple of 4)
	11: Wrong amount of left-padding spaces(want multiple of 4)
	13: Wrong amount of left-padding spaces(want multiple of 4)
	14: Wrong amount of left-padding spaces(want multiple of 4)
	16: Wrong amount of left-padding spaces(want multiple of 4)
	18: Wrong amount of left-padding spaces(want multiple of 4)
	21: Wrong amount of left-padding spaces(want multiple of 4)
	23: Wrong amount of left-padding spaces(want multiple of 4)
	26: Wrong amount of left-padding spaces(want multiple of 4)
	28: Wrong amount of left-padding spaces(want multiple of 4)
	31: Wrong amount of left-padding spaces(want multiple of 4)
	33: Wrong amount of left-padding spaces(want multiple of 4)
	36: Wrong amount of left-padding spaces(want multiple of 4)
	38: Wrong amount of left-padding spaces(want multiple of 4)
	41: Wrong amount of left-padding spaces(want multiple of 4)
	43: Wrong amount of left-padding spaces(want multiple of 4)
	46: Wrong amount of left-padding spaces(want multiple of 4)
	48: Wrong amount of left-padding spaces(want multiple of 4)
	50: Wrong amount of left-padding spaces(want multiple of 4)
	51: Wrong amount of left-padding spaces(want multiple of 4)
	53: Wrong amount of left-padding spaces(want multiple of 4)
megalinter-reports/sarif/REPOSITORY_GITLEAKS.sarif:
	Wrong line endings or no final newline
	2: Wrong amount of left-padding spaces(want multiple of 4)
	3: Wrong amount of left-padding spaces(want multiple of 4)
	5: Wrong amount of left-padding spaces(want multiple of 4)
	7: Wrong amount of left-padding spaces(want multiple of 4)
	8: Wrong amount of left-padding spaces(want multiple of 4)
	9: Wrong amount of left-padding spaces(want multiple of 4)
	11: Wrong amount of left-padding spaces(want multiple of 4)
	12: Wrong amount of left-padding spaces(want multiple of 4)
	13: Wrong amount of left-padding spaces(want multiple of 4)
	15: Wrong amount of left-padding spaces(want multiple of 4)
	16: Wrong amount of left-padding spaces(want multiple of 4)
	17: Wrong amount of left-padding spaces(want multiple of 4)
	18: Wrong amount of left-padding spaces(want multiple of 4)
	19: Wrong amount of left-padding spaces(want multiple of 4)
	21: Wrong amount of left-padding spaces(want multiple of 4)
	23: Wrong amount of left-padding spaces(want multiple of 4)
	24: Wrong amount of left-padding spaces(want multiple of 4)
megalinter-reports/sarif/REPOSITORY_SECRETLINT.sarif:
	Wrong line endings or no final newline
	2: Wrong amount of left-padding spaces(want multiple of 4)
	3: Wrong amount of left-padding spaces(want multiple of 4)
	5: Wrong amount of left-padding spaces(want multiple of 4)
	6: Wrong amount of left-padding spaces(want multiple of 4)
	8: Wrong amount of left-padding spaces(want multiple of 4)
	9: Wrong amount of left-padding spaces(want multiple of 4)
	10: Wrong amount of left-padding spaces(want multiple of 4)
	12: Wrong amount of left-padding spaces(want multiple of 4)
	13: Wrong amount of left-padding spaces(want multiple of 4)
	14: Wrong amount of left-padding spaces(want multiple of 4)
	16: Wrong amount of left-padding spaces(want multiple of 4)
	17: Wrong amount of left-padding spaces(want multiple of 4)
	18: Wrong amount of left-padding spaces(want multiple of 4)
	19: Wrong amount of left-padding spaces(want multiple of 4)
	21: Wrong amount of left-padding spaces(want multiple of 4)
	23: Wrong amount of left-padding spaces(want multiple of 4)
	24: Wrong amount of left-padding spaces(want multiple of 4)

548 errors found

